<?xml version="1.0" encoding="UTF-8"?>
<testng-results skipped="0" failed="0" total="4" passed="4">
  <reporter-output>
  </reporter-output>
  <suite name="Default suite" duration-ms="68416" started-at="2019-09-16T08:07:27Z" finished-at="2019-09-16T08:08:36Z">
    <groups>
    </groups>
    <test name="Default test" duration-ms="68416" started-at="2019-09-16T08:07:27Z" finished-at="2019-09-16T08:08:36Z">
      <class name="com.training.sanity.tests.AddProductTests">
        <test-method status="PASS" signature="setUpBeforeTest()[pri:0, instance:com.training.sanity.tests.AddProductTests@5e025e70]" name="setUpBeforeTest" is-config="true" duration-ms="28235" started-at="2019-09-16T13:37:27Z" finished-at="2019-09-16T13:37:55Z">
          <reporter-output>
          </reporter-output>
        </test-method> <!-- setUpBeforeTest -->
        <test-method status="PASS" signature="UNF_010()[pri:1, instance:com.training.sanity.tests.AddProductTests@5e025e70]" name="UNF_010" duration-ms="7016" started-at="2019-09-16T13:37:55Z" finished-at="2019-09-16T13:38:03Z">
          <reporter-output>
          </reporter-output>
        </test-method> <!-- UNF_010 -->
        <test-method status="PASS" signature="UNF_011()[pri:2, instance:com.training.sanity.tests.AddProductTests@5e025e70]" name="UNF_011" duration-ms="8355" started-at="2019-09-16T13:38:03Z" finished-at="2019-09-16T13:38:11Z">
          <reporter-output>
          </reporter-output>
        </test-method> <!-- UNF_011 -->
        <test-method status="PASS" signature="UNF041()[pri:3, instance:com.training.sanity.tests.AddProductTests@5e025e70]" name="UNF041" duration-ms="2" started-at="2019-09-16T13:38:11Z" finished-at="2019-09-16T13:38:11Z">
          <reporter-output>
          </reporter-output>
        </test-method> <!-- UNF041 -->
        <test-method status="PASS" signature="UNF042()[pri:4, instance:com.training.sanity.tests.AddProductTests@5e025e70]" name="UNF042" duration-ms="23790" started-at="2019-09-16T13:38:11Z" finished-at="2019-09-16T13:38:35Z">
          <reporter-output>
          </reporter-output>
        </test-method> <!-- UNF042 -->
        <test-method status="PASS" signature="tearDown()[pri:0, instance:com.training.sanity.tests.AddProductTests@5e025e70]" name="tearDown" is-config="true" duration-ms="1001" started-at="2019-09-16T13:38:35Z" finished-at="2019-09-16T13:38:36Z">
          <reporter-output>
          </reporter-output>
        </test-method> <!-- tearDown -->
      </class> <!-- com.training.sanity.tests.AddProductTests -->
    </test> <!-- Default test -->
  </suite> <!-- Default suite -->
</testng-results>
