<?xml version="1.0" encoding="UTF-8"?>
<testng-results skipped="0" failed="0" total="6" passed="6">
  <reporter-output>
  </reporter-output>
  <suite name="Default suite" duration-ms="48161" started-at="2019-09-09T08:14:43Z" finished-at="2019-09-09T08:15:31Z">
    <groups>
    </groups>
    <test name="Default test" duration-ms="48161" started-at="2019-09-09T08:14:43Z" finished-at="2019-09-09T08:15:31Z">
      <class name="com.training.sanity.tests.CategoryTest">
        <test-method status="PASS" signature="setUpBeforeTest()[pri:0, instance:com.training.sanity.tests.CategoryTest@11531931]" name="setUpBeforeTest" is-config="true" duration-ms="15234" started-at="2019-09-09T13:44:43Z" finished-at="2019-09-09T13:44:58Z">
          <reporter-output>
          </reporter-output>
        </test-method> <!-- setUpBeforeTest -->
        <test-method status="PASS" signature="UNF_010()[pri:1, instance:com.training.sanity.tests.CategoryTest@11531931]" name="UNF_010" duration-ms="6998" started-at="2019-09-09T13:44:58Z" finished-at="2019-09-09T13:45:05Z">
          <reporter-output>
          </reporter-output>
        </test-method> <!-- UNF_010 -->
        <test-method status="PASS" signature="UNF_011()[pri:2, instance:com.training.sanity.tests.CategoryTest@11531931]" name="UNF_011" duration-ms="8354" started-at="2019-09-09T13:45:05Z" finished-at="2019-09-09T13:45:13Z">
          <reporter-output>
          </reporter-output>
        </test-method> <!-- UNF_011 -->
        <test-method status="PASS" signature="Category_SelectRow()[pri:3, instance:com.training.sanity.tests.CategoryTest@11531931]" name="Category_SelectRow" duration-ms="12432" started-at="2019-09-09T13:45:13Z" finished-at="2019-09-09T13:45:26Z">
          <reporter-output>
          </reporter-output>
        </test-method> <!-- Category_SelectRow -->
        <test-method status="PASS" signature="Category_Delete()[pri:4, instance:com.training.sanity.tests.CategoryTest@11531931]" name="Category_Delete" duration-ms="49" started-at="2019-09-09T13:45:26Z" depends-on-methods="com.training.sanity.tests.CategoryTest.Category_SelectRow" finished-at="2019-09-09T13:45:26Z">
          <reporter-output>
          </reporter-output>
        </test-method> <!-- Category_Delete -->
        <test-method status="PASS" signature="Category_Delete_Alert()[pri:5, instance:com.training.sanity.tests.CategoryTest@11531931]" name="Category_Delete_Alert" duration-ms="46" started-at="2019-09-09T13:45:26Z" depends-on-methods="com.training.sanity.tests.CategoryTest.Category_Delete" finished-at="2019-09-09T13:45:26Z">
          <reporter-output>
          </reporter-output>
        </test-method> <!-- Category_Delete_Alert -->
        <test-method status="PASS" signature="Category_Delete_Success()[pri:6, instance:com.training.sanity.tests.CategoryTest@11531931]" name="Category_Delete_Success" duration-ms="4022" started-at="2019-09-09T13:45:26Z" depends-on-methods="com.training.sanity.tests.CategoryTest.Category_Delete_Alert" finished-at="2019-09-09T13:45:30Z">
          <reporter-output>
          </reporter-output>
        </test-method> <!-- Category_Delete_Success -->
        <test-method status="PASS" signature="tearDown()[pri:0, instance:com.training.sanity.tests.CategoryTest@11531931]" name="tearDown" is-config="true" duration-ms="1001" started-at="2019-09-09T13:45:30Z" finished-at="2019-09-09T13:45:31Z">
          <reporter-output>
          </reporter-output>
        </test-method> <!-- tearDown -->
      </class> <!-- com.training.sanity.tests.CategoryTest -->
    </test> <!-- Default test -->
  </suite> <!-- Default suite -->
</testng-results>
