<?xml version="1.0" encoding="UTF-8"?>
<!-- Generated by org.testng.reporters.JUnitXMLReporter -->
<testsuite hostname="LAPTOP-7RNT9IP7" name="Sample test" tests="6" failures="5" timestamp="2 Sep 2019 09:40:07 GMT" time="16.299" errors="0">
  <testcase name="validLoginTest" time="3.407" classname="com.training.sanity.tests.LoginTests"/>
  <testcase name="validLoginTest" time="0.001" classname="com.training.sanity.tests.AdminHomeTests">
    <failure type="java.lang.NullPointerException">
      <![CDATA[java.lang.NullPointerException
	at com.training.sanity.tests.LoginTests.validLoginTest(LoginTests.java:56)
... Removed 24 stack frames]]>
    </failure>
  </testcase> <!-- validLoginTest -->
  <testcase name="AdminHomeTest" time="0.006" classname="com.training.sanity.tests.AdminHomeTests">
    <failure type="java.lang.NullPointerException">
      <![CDATA[java.lang.NullPointerException
	at com.training.pom.AdminHomePOM.clickmenu(AdminHomePOM.java:36)
	at com.training.sanity.tests.AdminHomeTests.AdminHomeTest(AdminHomeTests.java:17)
... Removed 24 stack frames]]>
    </failure>
  </testcase> <!-- AdminHomeTest -->
  <testcase name="validLoginTest" time="0.001" classname="com.training.sanity.tests.CategoryTest">
    <failure type="java.lang.NullPointerException">
      <![CDATA[java.lang.NullPointerException
	at com.training.sanity.tests.LoginTests.validLoginTest(LoginTests.java:56)
... Removed 24 stack frames]]>
    </failure>
  </testcase> <!-- validLoginTest -->
  <testcase name="AdminHomeTest" time="0.003" classname="com.training.sanity.tests.CategoryTest">
    <failure type="java.lang.NullPointerException">
      <![CDATA[java.lang.NullPointerException
	at com.training.pom.AdminHomePOM.clickmenu(AdminHomePOM.java:36)
	at com.training.sanity.tests.AdminHomeTests.AdminHomeTest(AdminHomeTests.java:17)
... Removed 24 stack frames]]>
    </failure>
  </testcase> <!-- AdminHomeTest -->
  <testcase name="Category" time="0.012" classname="com.training.sanity.tests.CategoryTest">
    <failure type="java.lang.NullPointerException">
      <![CDATA[java.lang.NullPointerException
	at com.training.pom.CategoriesPOM.selectrow(CategoriesPOM.java:31)
	at com.training.sanity.tests.CategoryTest.Category(CategoryTest.java:12)
... Removed 24 stack frames]]>
    </failure>
  </testcase> <!-- Category -->
</testsuite> <!-- Sample test -->
