<?xml version="1.0" encoding="UTF-8"?>
<!-- Generated by org.testng.reporters.JUnitXMLReporter -->
<testsuite hostname="LAPTOP-7RNT9IP7" name="Default test" tests="4" failures="0" timestamp="16 Sep 2019 08:08:36 GMT" time="68.416" errors="0">
  <testcase name="UNF_010" time="7.016" classname="com.training.sanity.tests.AddProductTests"/>
  <testcase name="UNF_011" time="8.355" classname="com.training.sanity.tests.AddProductTests"/>
  <testcase name="UNF041" time="0.002" classname="com.training.sanity.tests.AddProductTests"/>
  <testcase name="UNF042" time="23.79" classname="com.training.sanity.tests.AddProductTests"/>
</testsuite> <!-- Default test -->
