<?xml version="1.0" encoding="UTF-8"?>
<!-- Generated by org.testng.reporters.JUnitXMLReporter -->
<testsuite hostname="LAPTOP-7RNT9IP7" name="Default test" tests="6" failures="0" timestamp="9 Sep 2019 08:15:31 GMT" time="48.161" errors="0">
  <testcase name="UNF_010" time="6.998" classname="com.training.sanity.tests.CategoryTest"/>
  <testcase name="UNF_011" time="8.354" classname="com.training.sanity.tests.CategoryTest"/>
  <testcase name="Category_SelectRow" time="12.432" classname="com.training.sanity.tests.CategoryTest"/>
  <testcase name="Category_Delete" time="0.049" classname="com.training.sanity.tests.CategoryTest"/>
  <testcase name="Category_Delete_Alert" time="0.046" classname="com.training.sanity.tests.CategoryTest"/>
  <testcase name="Category_Delete_Success" time="4.022" classname="com.training.sanity.tests.CategoryTest"/>
</testsuite> <!-- Default test -->
